c:\users\bloodfall\source\repos\irrsu\irrsu\source\x64\debug\vc141.pdb
c:\users\bloodfall\source\repos\irrsu\irrsu\source\x64\debug\vc141.idb
c:\users\bloodfall\source\repos\irrsu\irrsu\source\x64\debug\main.obj
c:\users\bloodfall\source\repos\irrsu\irrsu\source\x64\debug\mapgen.obj
c:\users\bloodfall\source\repos\irrsu\irrsu\source\x64\debug\pn.obj
c:\users\bloodfall\source\repos\irrsu\irrsu\source\x64\debug\settings.obj
c:\users\bloodfall\source\repos\irrsu\irrsu\source\x64\debug\tilemanager.obj
c:\users\bloodfall\source\repos\irrsu\irrsu\source\x64\debug\eventsholder.obj
c:\users\bloodfall\source\repos\irrsu\irrsu\source\x64\debug\character.obj
c:\users\bloodfall\source\repos\irrsu\irrsu\source\x64\debug\player.obj
c:\users\bloodfall\source\repos\irrsu\irrsu\source\x64\debug\tiledrawer.obj
c:\users\bloodfall\source\repos\irrsu\irrsu\source\x64\debug\mainmenu.obj
c:\users\bloodfall\source\repos\irrsu\irrsu\x64\debug\source.ilk
c:\users\bloodfall\source\repos\irrsu\irrsu\x64\debug\source.exe
c:\users\bloodfall\source\repos\irrsu\irrsu\x64\debug\source.pdb
c:\users\bloodfall\source\repos\irrsu\irrsu\source\x64\debug\source.tlog\cl.command.1.tlog
c:\users\bloodfall\source\repos\irrsu\irrsu\source\x64\debug\source.tlog\cl.read.1.tlog
c:\users\bloodfall\source\repos\irrsu\irrsu\source\x64\debug\source.tlog\cl.write.1.tlog
c:\users\bloodfall\source\repos\irrsu\irrsu\source\x64\debug\source.tlog\link.command.1.tlog
c:\users\bloodfall\source\repos\irrsu\irrsu\source\x64\debug\source.tlog\link.read.1.tlog
c:\users\bloodfall\source\repos\irrsu\irrsu\source\x64\debug\source.tlog\link.write.1.tlog
